running egg_info
writing ../../build/ai_follow/ai_follow.egg-info/PKG-INFO
writing dependency_links to ../../build/ai_follow/ai_follow.egg-info/dependency_links.txt
writing entry points to ../../build/ai_follow/ai_follow.egg-info/entry_points.txt
writing requirements to ../../build/ai_follow/ai_follow.egg-info/requires.txt
writing top-level names to ../../build/ai_follow/ai_follow.egg-info/top_level.txt
reading manifest file '../../build/ai_follow/ai_follow.egg-info/SOURCES.txt'
writing manifest file '../../build/ai_follow/ai_follow.egg-info/SOURCES.txt'
running build
running build_py
copying ai_follow/gimbal_pid_node.py -> /home/pihuy/follow/build/ai_follow/build/lib/ai_follow
running install
running install_lib
copying /home/pihuy/follow/build/ai_follow/build/lib/ai_follow/gimbal_pid_node.py -> /home/pihuy/follow/install/ai_follow/lib/python3.12/site-packages/ai_follow
byte-compiling /home/pihuy/follow/install/ai_follow/lib/python3.12/site-packages/ai_follow/gimbal_pid_node.py to gimbal_pid_node.cpython-312.pyc
running install_data
running install_egg_info
removing '/home/pihuy/follow/install/ai_follow/lib/python3.12/site-packages/ai_follow-0.0.0-py3.12.egg-info' (and everything under it)
Copying ../../build/ai_follow/ai_follow.egg-info to /home/pihuy/follow/install/ai_follow/lib/python3.12/site-packages/ai_follow-0.0.0-py3.12.egg-info
running install_scripts
Installing gimbal_pid_node script to /home/pihuy/follow/install/ai_follow/lib/ai_follow
Installing object_lock_tracker_node script to /home/pihuy/follow/install/ai_follow/lib/ai_follow
writing list of installed files to '/home/pihuy/follow/build/ai_follow/install.log'
