[3.285s] Invoking command in '/home/pihuy/follow/src/ai_follow': CMAKE_PREFIX_PATH=/home/pihuy/follow/install/cv_bridge:/home/pihuy/follow/install/vision_opencv:/home/pihuy/follow/install/target_pose_fusion:/home/pihuy/follow/install/rtsp_camera:/home/pihuy/follow/install/example_mode_with_executor_cpp:/home/pihuy/follow/install/example_mode_rtl_replacement_cpp:/home/pihuy/follow/install/example_mode_manual_cpp:/home/pihuy/follow/install/example_mode_goto_global_cpp:/home/pihuy/follow/install/example_mode_goto_cpp:/home/pihuy/follow/install/example_mode_fw_attitude_cpp:/home/pihuy/follow/install/example_local_navigation_cpp:/home/pihuy/follow/install/example_global_navigation_cpp:/home/pihuy/follow/install/example_executor_with_multiple_modes_cpp:/home/pihuy/follow/install/aruco_tracker:/home/pihuy/follow/install/px4_ros2_cpp:/home/pihuy/follow/install/px4_msgs:/home/pihuy/follow/install/image_geometry:/opt/ros/jazzy/opt/gz_math_vendor:/opt/ros/jazzy/opt/gz_utils_vendor:/opt/ros/jazzy/opt/gz_cmake_vendor DEBUGINFOD_URLS=https://debuginfod.ubuntu.com LD_LIBRARY_PATH=/home/pihuy/follow/install/cv_bridge/lib:/home/pihuy/follow/install/px4_ros2_cpp/lib:/home/pihuy/follow/install/px4_msgs/lib:/home/pihuy/follow/install/image_geometry/lib:/usr/local/lib:/opt/ros/jazzy/opt/rviz_ogre_vendor/lib:/opt/ros/jazzy/lib/aarch64-linux-gnu:/opt/ros/jazzy/opt/gz_math_vendor/lib:/opt/ros/jazzy/opt/gz_utils_vendor/lib:/opt/ros/jazzy/opt/gz_cmake_vendor/lib:/opt/ros/jazzy/lib:/usr/local/lib PYTHONPATH=/home/pihuy/follow/build/ai_follow/prefix_override:/usr/lib/python3/dist-packages/colcon_core/task/python/colcon_distutils_commands:/home/pihuy/follow/install/ai_follow/lib/python3.12/site-packages:/home/pihuy/follow/install/cv_bridge/lib/python3.12/site-packages:/home/pihuy/follow/install/px4_msgs/lib/python3.12/site-packages:/home/pihuy/follow/install/opencv_tests/lib/python3.12/site-packages:/home/pihuy/follow/install/image_geometry/lib/python3.12/site-packages:/home/pihuy/follow/install/gimbal_controller/lib/python3.12/site-packages:/home/pihuy/follow/build/ai_follow:/home/pihuy/follow/install/ai_follow/lib/python3.12/site-packages:/opt/ros/jazzy/lib/python3.12/site-packages /usr/bin/python3 -W ignore:setup.py install is deprecated -W ignore:easy_install command is deprecated setup.py egg_info --egg-base ../../build/ai_follow build --build-base /home/pihuy/follow/build/ai_follow/build install --record /home/pihuy/follow/build/ai_follow/install.log --single-version-externally-managed install_data
[4.106s] running egg_info
[4.211s] writing ../../build/ai_follow/ai_follow.egg-info/PKG-INFO
[4.211s] writing dependency_links to ../../build/ai_follow/ai_follow.egg-info/dependency_links.txt
[4.219s] writing entry points to ../../build/ai_follow/ai_follow.egg-info/entry_points.txt
[4.222s] writing requirements to ../../build/ai_follow/ai_follow.egg-info/requires.txt
[4.224s] writing top-level names to ../../build/ai_follow/ai_follow.egg-info/top_level.txt
[4.410s] reading manifest file '../../build/ai_follow/ai_follow.egg-info/SOURCES.txt'
[4.410s] writing manifest file '../../build/ai_follow/ai_follow.egg-info/SOURCES.txt'
[4.421s] running build
[4.421s] running build_py
[4.421s] copying ai_follow/gimbal_pid_node.py -> /home/pihuy/follow/build/ai_follow/build/lib/ai_follow
[4.421s] running install
[4.450s] running install_lib
[4.486s] copying /home/pihuy/follow/build/ai_follow/build/lib/ai_follow/gimbal_pid_node.py -> /home/pihuy/follow/install/ai_follow/lib/python3.12/site-packages/ai_follow
[4.488s] byte-compiling /home/pihuy/follow/install/ai_follow/lib/python3.12/site-packages/ai_follow/gimbal_pid_node.py to gimbal_pid_node.cpython-312.pyc
[4.501s] running install_data
[4.501s] running install_egg_info
[4.720s] removing '/home/pihuy/follow/install/ai_follow/lib/python3.12/site-packages/ai_follow-0.0.0-py3.12.egg-info' (and everything under it)
[4.908s] Copying ../../build/ai_follow/ai_follow.egg-info to /home/pihuy/follow/install/ai_follow/lib/python3.12/site-packages/ai_follow-0.0.0-py3.12.egg-info
[4.908s] running install_scripts
[5.819s] Installing gimbal_pid_node script to /home/pihuy/follow/install/ai_follow/lib/ai_follow
[5.820s] Installing object_lock_tracker_node script to /home/pihuy/follow/install/ai_follow/lib/ai_follow
[5.820s] writing list of installed files to '/home/pihuy/follow/build/ai_follow/install.log'
[5.820s] Invoked command in '/home/pihuy/follow/src/ai_follow' returned '0': CMAKE_PREFIX_PATH=/home/pihuy/follow/install/cv_bridge:/home/pihuy/follow/install/vision_opencv:/home/pihuy/follow/install/target_pose_fusion:/home/pihuy/follow/install/rtsp_camera:/home/pihuy/follow/install/example_mode_with_executor_cpp:/home/pihuy/follow/install/example_mode_rtl_replacement_cpp:/home/pihuy/follow/install/example_mode_manual_cpp:/home/pihuy/follow/install/example_mode_goto_global_cpp:/home/pihuy/follow/install/example_mode_goto_cpp:/home/pihuy/follow/install/example_mode_fw_attitude_cpp:/home/pihuy/follow/install/example_local_navigation_cpp:/home/pihuy/follow/install/example_global_navigation_cpp:/home/pihuy/follow/install/example_executor_with_multiple_modes_cpp:/home/pihuy/follow/install/aruco_tracker:/home/pihuy/follow/install/px4_ros2_cpp:/home/pihuy/follow/install/px4_msgs:/home/pihuy/follow/install/image_geometry:/opt/ros/jazzy/opt/gz_math_vendor:/opt/ros/jazzy/opt/gz_utils_vendor:/opt/ros/jazzy/opt/gz_cmake_vendor DEBUGINFOD_URLS=https://debuginfod.ubuntu.com LD_LIBRARY_PATH=/home/pihuy/follow/install/cv_bridge/lib:/home/pihuy/follow/install/px4_ros2_cpp/lib:/home/pihuy/follow/install/px4_msgs/lib:/home/pihuy/follow/install/image_geometry/lib:/usr/local/lib:/opt/ros/jazzy/opt/rviz_ogre_vendor/lib:/opt/ros/jazzy/lib/aarch64-linux-gnu:/opt/ros/jazzy/opt/gz_math_vendor/lib:/opt/ros/jazzy/opt/gz_utils_vendor/lib:/opt/ros/jazzy/opt/gz_cmake_vendor/lib:/opt/ros/jazzy/lib:/usr/local/lib PYTHONPATH=/home/pihuy/follow/build/ai_follow/prefix_override:/usr/lib/python3/dist-packages/colcon_core/task/python/colcon_distutils_commands:/home/pihuy/follow/install/ai_follow/lib/python3.12/site-packages:/home/pihuy/follow/install/cv_bridge/lib/python3.12/site-packages:/home/pihuy/follow/install/px4_msgs/lib/python3.12/site-packages:/home/pihuy/follow/install/opencv_tests/lib/python3.12/site-packages:/home/pihuy/follow/install/image_geometry/lib/python3.12/site-packages:/home/pihuy/follow/install/gimbal_controller/lib/python3.12/site-packages:/home/pihuy/follow/build/ai_follow:/home/pihuy/follow/install/ai_follow/lib/python3.12/site-packages:/opt/ros/jazzy/lib/python3.12/site-packages /usr/bin/python3 -W ignore:setup.py install is deprecated -W ignore:easy_install command is deprecated setup.py egg_info --egg-base ../../build/ai_follow build --build-base /home/pihuy/follow/build/ai_follow/build install --record /home/pihuy/follow/build/ai_follow/install.log --single-version-externally-managed install_data
