[2.151s] Invoking command in '/home/pihuy/follow/src/ai_follow': AMENT_PREFIX_PATH=/home/pihuy/follow/install/cv_bridge:${AMENT_PREFIX_PATH} CMAKE_PREFIX_PATH=/home/pihuy/follow/install/cv_bridge:${CMAKE_PREFIX_PATH} DEBUGINFOD_URLS=https://debuginfod.ubuntu.com LD_LIBRARY_PATH=/home/pihuy/follow/install/cv_bridge/lib:/usr/local/lib:/opt/ros/jazzy/opt/rviz_ogre_vendor/lib:/opt/ros/jazzy/lib/aarch64-linux-gnu:/opt/ros/jazzy/opt/gz_math_vendor/lib:/opt/ros/jazzy/opt/gz_utils_vendor/lib:/opt/ros/jazzy/opt/gz_cmake_vendor/lib:/opt/ros/jazzy/lib:/usr/local/lib PYTHONPATH=/home/pihuy/follow/build/ai_follow/prefix_override:/usr/lib/python3/dist-packages/colcon_core/task/python/colcon_distutils_commands:/home/pihuy/follow/install/ai_follow/lib/python3.12/site-packages:/home/pihuy/follow/install/cv_bridge/lib/python3.12/site-packages:${PYTHONPATH} /usr/bin/python3 -W ignore:setup.py install is deprecated -W ignore:easy_install command is deprecated setup.py egg_info --egg-base ../../build/ai_follow build --build-base /home/pihuy/follow/build/ai_follow/build install --record /home/pihuy/follow/build/ai_follow/install.log --single-version-externally-managed install_data
[3.015s] running egg_info
[3.016s] creating ../../build/ai_follow/ai_follow.egg-info
[3.064s] writing ../../build/ai_follow/ai_follow.egg-info/PKG-INFO
[3.065s] writing dependency_links to ../../build/ai_follow/ai_follow.egg-info/dependency_links.txt
[3.065s] writing entry points to ../../build/ai_follow/ai_follow.egg-info/entry_points.txt
[3.065s] writing requirements to ../../build/ai_follow/ai_follow.egg-info/requires.txt
[3.065s] writing top-level names to ../../build/ai_follow/ai_follow.egg-info/top_level.txt
[3.065s] writing manifest file '../../build/ai_follow/ai_follow.egg-info/SOURCES.txt'
[3.153s] reading manifest file '../../build/ai_follow/ai_follow.egg-info/SOURCES.txt'
[3.154s] writing manifest file '../../build/ai_follow/ai_follow.egg-info/SOURCES.txt'
[3.154s] running build
[3.155s] running build_py
[3.155s] creating /home/pihuy/follow/build/ai_follow/build
[3.155s] creating /home/pihuy/follow/build/ai_follow/build/lib
[3.155s] creating /home/pihuy/follow/build/ai_follow/build/lib/ai_follow
[3.155s] copying ai_follow/gimbal_pid_node.py -> /home/pihuy/follow/build/ai_follow/build/lib/ai_follow
[3.156s] copying ai_follow/__init__.py -> /home/pihuy/follow/build/ai_follow/build/lib/ai_follow
[3.156s] copying ai_follow/test1_node.py -> /home/pihuy/follow/build/ai_follow/build/lib/ai_follow
[3.156s] running install
[3.175s] running install_lib
[3.226s] creating /home/pihuy/follow/install/ai_follow/lib/python3.12/site-packages/ai_follow
[3.226s] copying /home/pihuy/follow/build/ai_follow/build/lib/ai_follow/gimbal_pid_node.py -> /home/pihuy/follow/install/ai_follow/lib/python3.12/site-packages/ai_follow
[3.226s] copying /home/pihuy/follow/build/ai_follow/build/lib/ai_follow/__init__.py -> /home/pihuy/follow/install/ai_follow/lib/python3.12/site-packages/ai_follow
[3.227s] copying /home/pihuy/follow/build/ai_follow/build/lib/ai_follow/test1_node.py -> /home/pihuy/follow/install/ai_follow/lib/python3.12/site-packages/ai_follow
[3.230s] byte-compiling /home/pihuy/follow/install/ai_follow/lib/python3.12/site-packages/ai_follow/gimbal_pid_node.py to gimbal_pid_node.cpython-312.pyc
[3.231s] byte-compiling /home/pihuy/follow/install/ai_follow/lib/python3.12/site-packages/ai_follow/__init__.py to __init__.cpython-312.pyc
[3.231s] byte-compiling /home/pihuy/follow/install/ai_follow/lib/python3.12/site-packages/ai_follow/test1_node.py to test1_node.cpython-312.pyc
[3.253s] running install_data
[3.253s] creating /home/pihuy/follow/install/ai_follow/share/ament_index
[3.254s] creating /home/pihuy/follow/install/ai_follow/share/ament_index/resource_index
[3.254s] creating /home/pihuy/follow/install/ai_follow/share/ament_index/resource_index/packages
[3.254s] copying resource/ai_follow -> /home/pihuy/follow/install/ai_follow/share/ament_index/resource_index/packages
[3.254s] copying package.xml -> /home/pihuy/follow/install/ai_follow/share/ai_follow
[3.254s] creating /home/pihuy/follow/install/ai_follow/share/ai_follow/config
[3.254s] copying config/object_lock_tracker.yaml -> /home/pihuy/follow/install/ai_follow/share/ai_follow/config
[3.262s] running install_egg_info
[3.357s] Copying ../../build/ai_follow/ai_follow.egg-info to /home/pihuy/follow/install/ai_follow/lib/python3.12/site-packages/ai_follow-0.0.0-py3.12.egg-info
[3.369s] running install_scripts
[3.717s] Installing gimbal_pid_node script to /home/pihuy/follow/install/ai_follow/lib/ai_follow
[3.718s] Installing object_lock_tracker_node script to /home/pihuy/follow/install/ai_follow/lib/ai_follow
[3.718s] Installing test1_node script to /home/pihuy/follow/install/ai_follow/lib/ai_follow
[3.718s] writing list of installed files to '/home/pihuy/follow/build/ai_follow/install.log'
[3.839s] Invoked command in '/home/pihuy/follow/src/ai_follow' returned '0': AMENT_PREFIX_PATH=/home/pihuy/follow/install/cv_bridge:${AMENT_PREFIX_PATH} CMAKE_PREFIX_PATH=/home/pihuy/follow/install/cv_bridge:${CMAKE_PREFIX_PATH} DEBUGINFOD_URLS=https://debuginfod.ubuntu.com LD_LIBRARY_PATH=/home/pihuy/follow/install/cv_bridge/lib:/usr/local/lib:/opt/ros/jazzy/opt/rviz_ogre_vendor/lib:/opt/ros/jazzy/lib/aarch64-linux-gnu:/opt/ros/jazzy/opt/gz_math_vendor/lib:/opt/ros/jazzy/opt/gz_utils_vendor/lib:/opt/ros/jazzy/opt/gz_cmake_vendor/lib:/opt/ros/jazzy/lib:/usr/local/lib PYTHONPATH=/home/pihuy/follow/build/ai_follow/prefix_override:/usr/lib/python3/dist-packages/colcon_core/task/python/colcon_distutils_commands:/home/pihuy/follow/install/ai_follow/lib/python3.12/site-packages:/home/pihuy/follow/install/cv_bridge/lib/python3.12/site-packages:${PYTHONPATH} /usr/bin/python3 -W ignore:setup.py install is deprecated -W ignore:easy_install command is deprecated setup.py egg_info --egg-base ../../build/ai_follow build --build-base /home/pihuy/follow/build/ai_follow/build install --record /home/pihuy/follow/build/ai_follow/install.log --single-version-externally-managed install_data
