[0.192s] Invoking command in '/home/pihuy/follow/build/image_geometry': CMAKE_PREFIX_PATH=${CMAKE_PREFIX_PATH}:/home/pihuy/follow/install/opencv_tests:/home/pihuy/follow/install/gimbal_controller:/home/pihuy/follow/install/ai_follow:/opt/ros/jazzy DEBUGINFOD_URLS=https://debuginfod.ubuntu.com /usr/bin/cmake --build /home/pihuy/follow/build/image_geometry -- -j4 -l4
[1.342s] [ 18%] Built target gtest
[1.342s] [ 45%] Built target image_geometry
[1.342s] [ 63%] Built target gtest_main
[1.343s] [ 63%] Built target ament_cmake_python_copy_image_geometry
[1.343s] [ 81%] Built target image_geometry-utest-equi
[1.349s] [100%] Built target image_geometry-utest
[1.910s] running egg_info
[1.958s] writing image_geometry.egg-info/PKG-INFO
[1.958s] writing dependency_links to image_geometry.egg-info/dependency_links.txt
[1.961s] writing top-level names to image_geometry.egg-info/top_level.txt
[2.232s] reading manifest file 'image_geometry.egg-info/SOURCES.txt'
[2.245s] writing manifest file 'image_geometry.egg-info/SOURCES.txt'
[2.458s] [100%] Built target ament_cmake_python_build_image_geometry_egg
[2.535s] Invoked command in '/home/pihuy/follow/build/image_geometry' returned '0': CMAKE_PREFIX_PATH=${CMAKE_PREFIX_PATH}:/home/pihuy/follow/install/opencv_tests:/home/pihuy/follow/install/gimbal_controller:/home/pihuy/follow/install/ai_follow:/opt/ros/jazzy DEBUGINFOD_URLS=https://debuginfod.ubuntu.com /usr/bin/cmake --build /home/pihuy/follow/build/image_geometry -- -j4 -l4
[2.541s] Invoking command in '/home/pihuy/follow/build/image_geometry': CMAKE_PREFIX_PATH=${CMAKE_PREFIX_PATH}:/home/pihuy/follow/install/opencv_tests:/home/pihuy/follow/install/gimbal_controller:/home/pihuy/follow/install/ai_follow:/opt/ros/jazzy DEBUGINFOD_URLS=https://debuginfod.ubuntu.com /usr/bin/cmake --install /home/pihuy/follow/build/image_geometry
[2.580s] -- Install configuration: ""
[2.584s] -- Up-to-date: /home/pihuy/follow/install/image_geometry/share/image_geometry/environment/pythonpath.sh
[2.584s] -- Up-to-date: /home/pihuy/follow/install/image_geometry/share/image_geometry/environment/pythonpath.dsv
[2.584s] -- Up-to-date: /home/pihuy/follow/install/image_geometry/lib/python3.12/site-packages/image_geometry-4.1.0-py3.12.egg-info
[2.584s] -- Installing: /home/pihuy/follow/install/image_geometry/lib/python3.12/site-packages/image_geometry-4.1.0-py3.12.egg-info/dependency_links.txt
[2.584s] -- Installing: /home/pihuy/follow/install/image_geometry/lib/python3.12/site-packages/image_geometry-4.1.0-py3.12.egg-info/top_level.txt
[2.587s] -- Installing: /home/pihuy/follow/install/image_geometry/lib/python3.12/site-packages/image_geometry-4.1.0-py3.12.egg-info/SOURCES.txt
[2.587s] -- Installing: /home/pihuy/follow/install/image_geometry/lib/python3.12/site-packages/image_geometry-4.1.0-py3.12.egg-info/PKG-INFO
[2.588s] -- Up-to-date: /home/pihuy/follow/install/image_geometry/lib/python3.12/site-packages/image_geometry
[2.588s] -- Up-to-date: /home/pihuy/follow/install/image_geometry/lib/python3.12/site-packages/image_geometry/cameramodels.py
[2.588s] -- Up-to-date: /home/pihuy/follow/install/image_geometry/lib/python3.12/site-packages/image_geometry/__init__.py
[2.753s] Listing '/home/pihuy/follow/install/image_geometry/lib/python3.12/site-packages/image_geometry'...
[2.793s] -- Up-to-date: /home/pihuy/follow/install/image_geometry/include/image_geometry
[2.796s] -- Up-to-date: /home/pihuy/follow/install/image_geometry/include/image_geometry/image_geometry
[2.796s] -- Up-to-date: /home/pihuy/follow/install/image_geometry/include/image_geometry/image_geometry/pinhole_camera_model.hpp
[2.797s] -- Up-to-date: /home/pihuy/follow/install/image_geometry/include/image_geometry/image_geometry/stereo_camera_model.hpp
[2.797s] -- Up-to-date: /home/pihuy/follow/install/image_geometry/include/image_geometry/image_geometry/visibility_control.hpp
[2.797s] -- Up-to-date: /home/pihuy/follow/install/image_geometry/lib/libimage_geometry.so
[2.805s] -- Up-to-date: /home/pihuy/follow/install/image_geometry/share/ament_index/resource_index/package_run_dependencies/image_geometry
[2.806s] -- Up-to-date: /home/pihuy/follow/install/image_geometry/share/ament_index/resource_index/parent_prefix_path/image_geometry
[2.806s] -- Up-to-date: /home/pihuy/follow/install/image_geometry/share/image_geometry/environment/ament_prefix_path.sh
[2.806s] -- Up-to-date: /home/pihuy/follow/install/image_geometry/share/image_geometry/environment/ament_prefix_path.dsv
[2.807s] -- Up-to-date: /home/pihuy/follow/install/image_geometry/share/image_geometry/environment/path.sh
[2.807s] -- Up-to-date: /home/pihuy/follow/install/image_geometry/share/image_geometry/environment/path.dsv
[2.807s] -- Up-to-date: /home/pihuy/follow/install/image_geometry/share/image_geometry/local_setup.bash
[2.809s] -- Up-to-date: /home/pihuy/follow/install/image_geometry/share/image_geometry/local_setup.sh
[2.809s] -- Up-to-date: /home/pihuy/follow/install/image_geometry/share/image_geometry/local_setup.zsh
[2.810s] -- Up-to-date: /home/pihuy/follow/install/image_geometry/share/image_geometry/local_setup.dsv
[2.810s] -- Installing: /home/pihuy/follow/install/image_geometry/share/image_geometry/package.dsv
[2.810s] -- Up-to-date: /home/pihuy/follow/install/image_geometry/share/ament_index/resource_index/packages/image_geometry
[2.813s] -- Up-to-date: /home/pihuy/follow/install/image_geometry/share/image_geometry/cmake/export_image_geometryExport.cmake
[2.814s] -- Up-to-date: /home/pihuy/follow/install/image_geometry/share/image_geometry/cmake/export_image_geometryExport-noconfig.cmake
[2.814s] -- Up-to-date: /home/pihuy/follow/install/image_geometry/share/image_geometry/cmake/ament_cmake_export_targets-extras.cmake
[2.815s] -- Up-to-date: /home/pihuy/follow/install/image_geometry/share/image_geometry/cmake/ament_cmake_export_dependencies-extras.cmake
[2.815s] -- Up-to-date: /home/pihuy/follow/install/image_geometry/share/image_geometry/cmake/image_geometryConfig.cmake
[2.815s] -- Up-to-date: /home/pihuy/follow/install/image_geometry/share/image_geometry/cmake/image_geometryConfig-version.cmake
[2.815s] -- Up-to-date: /home/pihuy/follow/install/image_geometry/share/image_geometry/package.xml
[2.838s] Invoked command in '/home/pihuy/follow/build/image_geometry' returned '0': CMAKE_PREFIX_PATH=${CMAKE_PREFIX_PATH}:/home/pihuy/follow/install/opencv_tests:/home/pihuy/follow/install/gimbal_controller:/home/pihuy/follow/install/ai_follow:/opt/ros/jazzy DEBUGINFOD_URLS=https://debuginfod.ubuntu.com /usr/bin/cmake --install /home/pihuy/follow/build/image_geometry
