[0.051s] Invoking command in '/home/pihuy/follow/build/target_pose_fusion': CMAKE_PREFIX_PATH=${CMAKE_PREFIX_PATH}:/home/pihuy/follow/install/opencv_tests:/home/pihuy/follow/install/gimbal_controller:/home/pihuy/follow/install/ai_follow:/opt/ros/jazzy DEBUGINFOD_URLS=https://debuginfod.ubuntu.com /usr/bin/cmake --build /home/pihuy/follow/build/target_pose_fusion -- -j4 -l4
[0.694s] [100%] Built target target_pose_fusion_node
[0.848s] Invoked command in '/home/pihuy/follow/build/target_pose_fusion' returned '0': CMAKE_PREFIX_PATH=${CMAKE_PREFIX_PATH}:/home/pihuy/follow/install/opencv_tests:/home/pihuy/follow/install/gimbal_controller:/home/pihuy/follow/install/ai_follow:/opt/ros/jazzy DEBUGINFOD_URLS=https://debuginfod.ubuntu.com /usr/bin/cmake --build /home/pihuy/follow/build/target_pose_fusion -- -j4 -l4
[0.848s] Invoking command in '/home/pihuy/follow/build/target_pose_fusion': CMAKE_PREFIX_PATH=${CMAKE_PREFIX_PATH}:/home/pihuy/follow/install/opencv_tests:/home/pihuy/follow/install/gimbal_controller:/home/pihuy/follow/install/ai_follow:/opt/ros/jazzy DEBUGINFOD_URLS=https://debuginfod.ubuntu.com /usr/bin/cmake --install /home/pihuy/follow/build/target_pose_fusion
[0.936s] -- Install configuration: ""
[0.937s] -- Up-to-date: /home/pihuy/follow/install/target_pose_fusion/lib/target_pose_fusion/target_pose_fusion_node
[0.940s] -- Up-to-date: /home/pihuy/follow/install/target_pose_fusion/share/ament_index/resource_index/package_run_dependencies/target_pose_fusion
[0.940s] -- Up-to-date: /home/pihuy/follow/install/target_pose_fusion/share/ament_index/resource_index/parent_prefix_path/target_pose_fusion
[0.941s] -- Up-to-date: /home/pihuy/follow/install/target_pose_fusion/share/target_pose_fusion/environment/ament_prefix_path.sh
[0.941s] -- Up-to-date: /home/pihuy/follow/install/target_pose_fusion/share/target_pose_fusion/environment/ament_prefix_path.dsv
[0.941s] -- Up-to-date: /home/pihuy/follow/install/target_pose_fusion/share/target_pose_fusion/environment/path.sh
[0.941s] -- Up-to-date: /home/pihuy/follow/install/target_pose_fusion/share/target_pose_fusion/environment/path.dsv
[0.941s] -- Up-to-date: /home/pihuy/follow/install/target_pose_fusion/share/target_pose_fusion/local_setup.bash
[0.942s] -- Up-to-date: /home/pihuy/follow/install/target_pose_fusion/share/target_pose_fusion/local_setup.sh
[0.942s] -- Up-to-date: /home/pihuy/follow/install/target_pose_fusion/share/target_pose_fusion/local_setup.zsh
[0.942s] -- Up-to-date: /home/pihuy/follow/install/target_pose_fusion/share/target_pose_fusion/local_setup.dsv
[0.942s] -- Installing: /home/pihuy/follow/install/target_pose_fusion/share/target_pose_fusion/package.dsv
[0.942s] -- Up-to-date: /home/pihuy/follow/install/target_pose_fusion/share/ament_index/resource_index/packages/target_pose_fusion
[0.942s] -- Up-to-date: /home/pihuy/follow/install/target_pose_fusion/share/target_pose_fusion/cmake/target_pose_fusionConfig.cmake
[0.942s] -- Up-to-date: /home/pihuy/follow/install/target_pose_fusion/share/target_pose_fusion/cmake/target_pose_fusionConfig-version.cmake
[0.943s] -- Up-to-date: /home/pihuy/follow/install/target_pose_fusion/share/target_pose_fusion/package.xml
[1.580s] Invoked command in '/home/pihuy/follow/build/target_pose_fusion' returned '0': CMAKE_PREFIX_PATH=${CMAKE_PREFIX_PATH}:/home/pihuy/follow/install/opencv_tests:/home/pihuy/follow/install/gimbal_controller:/home/pihuy/follow/install/ai_follow:/opt/ros/jazzy DEBUGINFOD_URLS=https://debuginfod.ubuntu.com /usr/bin/cmake --install /home/pihuy/follow/build/target_pose_fusion
