[1.358s] Invoking command in '/home/pihuy/follow/src/ai_follow': CMAKE_PREFIX_PATH=/home/pihuy/follow/install/cv_bridge:/home/pihuy/follow/install/vision_opencv:/home/pihuy/follow/install/target_pose_fusion:/home/pihuy/follow/install/rtsp_camera:/home/pihuy/follow/install/example_mode_with_executor_cpp:/home/pihuy/follow/install/example_mode_rtl_replacement_cpp:/home/pihuy/follow/install/example_mode_manual_cpp:/home/pihuy/follow/install/example_mode_goto_global_cpp:/home/pihuy/follow/install/example_mode_goto_cpp:/home/pihuy/follow/install/example_mode_fw_attitude_cpp:/home/pihuy/follow/install/example_local_navigation_cpp:/home/pihuy/follow/install/example_global_navigation_cpp:/home/pihuy/follow/install/example_executor_with_multiple_modes_cpp:/home/pihuy/follow/install/aruco_tracker:/home/pihuy/follow/install/px4_ros2_cpp:/home/pihuy/follow/install/px4_msgs:/home/pihuy/follow/install/image_geometry:/opt/ros/jazzy/opt/gz_math_vendor:/opt/ros/jazzy/opt/gz_utils_vendor:/opt/ros/jazzy/opt/gz_cmake_vendor DEBUGINFOD_URLS=https://debuginfod.ubuntu.com LD_LIBRARY_PATH=/home/pihuy/follow/install/cv_bridge/lib:/home/pihuy/follow/install/px4_ros2_cpp/lib:/home/pihuy/follow/install/px4_msgs/lib:/home/pihuy/follow/install/image_geometry/lib:/usr/local/lib:/opt/ros/jazzy/opt/rviz_ogre_vendor/lib:/opt/ros/jazzy/lib/aarch64-linux-gnu:/opt/ros/jazzy/opt/gz_math_vendor/lib:/opt/ros/jazzy/opt/gz_utils_vendor/lib:/opt/ros/jazzy/opt/gz_cmake_vendor/lib:/opt/ros/jazzy/lib:/usr/local/lib PYTHONPATH=/home/pihuy/follow/build/ai_follow/prefix_override:/usr/lib/python3/dist-packages/colcon_core/task/python/colcon_distutils_commands:/home/pihuy/follow/install/ai_follow/lib/python3.12/site-packages:/home/pihuy/follow/install/cv_bridge/lib/python3.12/site-packages:/home/pihuy/follow/install/px4_msgs/lib/python3.12/site-packages:/home/pihuy/follow/install/opencv_tests/lib/python3.12/site-packages:/home/pihuy/follow/install/image_geometry/lib/python3.12/site-packages:/home/pihuy/follow/install/gimbal_controller/lib/python3.12/site-packages:/home/pihuy/follow/install/ai_follow/lib/python3.12/site-packages:/opt/ros/jazzy/lib/python3.12/site-packages VIRTUAL_ENV_PROMPT=(web_env) /usr/bin/python3 -W ignore:setup.py install is deprecated -W ignore:easy_install command is deprecated setup.py egg_info --egg-base ../../build/ai_follow build --build-base /home/pihuy/follow/build/ai_follow/build install --record /home/pihuy/follow/build/ai_follow/install.log --single-version-externally-managed install_data
[1.764s] running egg_info
[1.792s] writing ../../build/ai_follow/ai_follow.egg-info/PKG-INFO
[1.793s] writing dependency_links to ../../build/ai_follow/ai_follow.egg-info/dependency_links.txt
[1.794s] writing entry points to ../../build/ai_follow/ai_follow.egg-info/entry_points.txt
[1.794s] writing requirements to ../../build/ai_follow/ai_follow.egg-info/requires.txt
[1.795s] writing top-level names to ../../build/ai_follow/ai_follow.egg-info/top_level.txt
[1.854s] reading manifest file '../../build/ai_follow/ai_follow.egg-info/SOURCES.txt'
[1.855s] writing manifest file '../../build/ai_follow/ai_follow.egg-info/SOURCES.txt'
[1.856s] running build
[1.856s] running build_py
[1.856s] running install
[1.866s] running install_lib
[1.895s] running install_data
[1.895s] running install_egg_info
[1.925s] removing '/home/pihuy/follow/install/ai_follow/lib/python3.12/site-packages/ai_follow-0.0.0-py3.12.egg-info' (and everything under it)
[1.927s] Copying ../../build/ai_follow/ai_follow.egg-info to /home/pihuy/follow/install/ai_follow/lib/python3.12/site-packages/ai_follow-0.0.0-py3.12.egg-info
[1.927s] running install_scripts
[2.138s] Installing gimbal_pid_node script to /home/pihuy/follow/install/ai_follow/lib/ai_follow
[2.138s] Installing object_lock_tracker_node script to /home/pihuy/follow/install/ai_follow/lib/ai_follow
[2.139s] Installing test1_node script to /home/pihuy/follow/install/ai_follow/lib/ai_follow
[2.141s] writing list of installed files to '/home/pihuy/follow/build/ai_follow/install.log'
[2.229s] Invoked command in '/home/pihuy/follow/src/ai_follow' returned '0': CMAKE_PREFIX_PATH=/home/pihuy/follow/install/cv_bridge:/home/pihuy/follow/install/vision_opencv:/home/pihuy/follow/install/target_pose_fusion:/home/pihuy/follow/install/rtsp_camera:/home/pihuy/follow/install/example_mode_with_executor_cpp:/home/pihuy/follow/install/example_mode_rtl_replacement_cpp:/home/pihuy/follow/install/example_mode_manual_cpp:/home/pihuy/follow/install/example_mode_goto_global_cpp:/home/pihuy/follow/install/example_mode_goto_cpp:/home/pihuy/follow/install/example_mode_fw_attitude_cpp:/home/pihuy/follow/install/example_local_navigation_cpp:/home/pihuy/follow/install/example_global_navigation_cpp:/home/pihuy/follow/install/example_executor_with_multiple_modes_cpp:/home/pihuy/follow/install/aruco_tracker:/home/pihuy/follow/install/px4_ros2_cpp:/home/pihuy/follow/install/px4_msgs:/home/pihuy/follow/install/image_geometry:/opt/ros/jazzy/opt/gz_math_vendor:/opt/ros/jazzy/opt/gz_utils_vendor:/opt/ros/jazzy/opt/gz_cmake_vendor DEBUGINFOD_URLS=https://debuginfod.ubuntu.com LD_LIBRARY_PATH=/home/pihuy/follow/install/cv_bridge/lib:/home/pihuy/follow/install/px4_ros2_cpp/lib:/home/pihuy/follow/install/px4_msgs/lib:/home/pihuy/follow/install/image_geometry/lib:/usr/local/lib:/opt/ros/jazzy/opt/rviz_ogre_vendor/lib:/opt/ros/jazzy/lib/aarch64-linux-gnu:/opt/ros/jazzy/opt/gz_math_vendor/lib:/opt/ros/jazzy/opt/gz_utils_vendor/lib:/opt/ros/jazzy/opt/gz_cmake_vendor/lib:/opt/ros/jazzy/lib:/usr/local/lib PYTHONPATH=/home/pihuy/follow/build/ai_follow/prefix_override:/usr/lib/python3/dist-packages/colcon_core/task/python/colcon_distutils_commands:/home/pihuy/follow/install/ai_follow/lib/python3.12/site-packages:/home/pihuy/follow/install/cv_bridge/lib/python3.12/site-packages:/home/pihuy/follow/install/px4_msgs/lib/python3.12/site-packages:/home/pihuy/follow/install/opencv_tests/lib/python3.12/site-packages:/home/pihuy/follow/install/image_geometry/lib/python3.12/site-packages:/home/pihuy/follow/install/gimbal_controller/lib/python3.12/site-packages:/home/pihuy/follow/install/ai_follow/lib/python3.12/site-packages:/opt/ros/jazzy/lib/python3.12/site-packages VIRTUAL_ENV_PROMPT=(web_env) /usr/bin/python3 -W ignore:setup.py install is deprecated -W ignore:easy_install command is deprecated setup.py egg_info --egg-base ../../build/ai_follow build --build-base /home/pihuy/follow/build/ai_follow/build install --record /home/pihuy/follow/build/ai_follow/install.log --single-version-externally-managed install_data
