[5.390s] Invoking command in '/home/pihuy/follow/src/gimbal_controller': DEBUGINFOD_URLS=https://debuginfod.ubuntu.com PYTHONPATH=/home/pihuy/follow/build/gimbal_controller/prefix_override:/usr/lib/python3/dist-packages/colcon_core/task/python/colcon_distutils_commands:/home/pihuy/follow/install/gimbal_controller/lib/python3.12/site-packages:${PYTHONPATH} /usr/bin/python3 -W ignore:setup.py install is deprecated -W ignore:easy_install command is deprecated setup.py egg_info --egg-base ../../build/gimbal_controller build --build-base /home/pihuy/follow/build/gimbal_controller/build install --record /home/pihuy/follow/build/gimbal_controller/install.log --single-version-externally-managed install_data
[7.246s] running egg_info
[7.362s] writing ../../build/gimbal_controller/gimbal_controller.egg-info/PKG-INFO
[7.363s] writing dependency_links to ../../build/gimbal_controller/gimbal_controller.egg-info/dependency_links.txt
[7.363s] writing entry points to ../../build/gimbal_controller/gimbal_controller.egg-info/entry_points.txt
[7.363s] writing requirements to ../../build/gimbal_controller/gimbal_controller.egg-info/requires.txt
[7.363s] writing top-level names to ../../build/gimbal_controller/gimbal_controller.egg-info/top_level.txt
[7.466s] reading manifest file '../../build/gimbal_controller/gimbal_controller.egg-info/SOURCES.txt'
[7.476s] writing manifest file '../../build/gimbal_controller/gimbal_controller.egg-info/SOURCES.txt'
[7.478s] running build
[7.479s] running build_py
[7.479s] running install
[7.503s] running install_lib
[7.678s] running install_data
[7.678s] running install_egg_info
[7.826s] removing '/home/pihuy/follow/install/gimbal_controller/lib/python3.12/site-packages/gimbal_controller-0.0.0-py3.12.egg-info' (and everything under it)
[7.826s] Copying ../../build/gimbal_controller/gimbal_controller.egg-info to /home/pihuy/follow/install/gimbal_controller/lib/python3.12/site-packages/gimbal_controller-0.0.0-py3.12.egg-info
[7.834s] running install_scripts
[8.373s] Installing siyi_gimbal_node script to /home/pihuy/follow/install/gimbal_controller/lib/gimbal_controller
[8.373s] writing list of installed files to '/home/pihuy/follow/build/gimbal_controller/install.log'
[8.527s] Invoked command in '/home/pihuy/follow/src/gimbal_controller' returned '0': DEBUGINFOD_URLS=https://debuginfod.ubuntu.com PYTHONPATH=/home/pihuy/follow/build/gimbal_controller/prefix_override:/usr/lib/python3/dist-packages/colcon_core/task/python/colcon_distutils_commands:/home/pihuy/follow/install/gimbal_controller/lib/python3.12/site-packages:${PYTHONPATH} /usr/bin/python3 -W ignore:setup.py install is deprecated -W ignore:easy_install command is deprecated setup.py egg_info --egg-base ../../build/gimbal_controller build --build-base /home/pihuy/follow/build/gimbal_controller/build install --record /home/pihuy/follow/build/gimbal_controller/install.log --single-version-externally-managed install_data
