[0.025s] Invoking command in '/home/pihuy/follow/build/px4_ros2_cpp': CMAKE_PREFIX_PATH=/home/pihuy/follow/install/px4_msgs:/home/pihuy/follow/install/vision_opencv:/home/pihuy/follow/install/target_pose_fusion:/home/pihuy/follow/install/rtsp_camera:/home/pihuy/follow/install/example_mode_with_executor_cpp:/home/pihuy/follow/install/example_mode_rtl_replacement_cpp:/home/pihuy/follow/install/example_mode_manual_cpp:/home/pihuy/follow/install/example_mode_goto_global_cpp:/home/pihuy/follow/install/example_mode_goto_cpp:/home/pihuy/follow/install/example_mode_fw_attitude_cpp:/home/pihuy/follow/install/example_local_navigation_cpp:/home/pihuy/follow/install/example_global_navigation_cpp:/home/pihuy/follow/install/example_executor_with_multiple_modes_cpp:/home/pihuy/follow/install/aruco_tracker:/home/pihuy/follow/install/px4_ros2_cpp:/home/pihuy/follow/install/image_geometry:/home/pihuy/follow/install/cv_bridge:/opt/ros/jazzy/opt/gz_math_vendor:/opt/ros/jazzy/opt/gz_utils_vendor:/opt/ros/jazzy/opt/gz_cmake_vendor:/home/pihuy/follow/install/opencv_tests:/home/pihuy/follow/install/gimbal_controller:/home/pihuy/follow/install/ai_follow:/opt/ros/jazzy DEBUGINFOD_URLS=https://debuginfod.ubuntu.com LD_LIBRARY_PATH=/home/pihuy/follow/install/px4_msgs/lib:/home/pihuy/follow/install/px4_ros2_cpp/lib:/home/pihuy/follow/install/image_geometry/lib:/home/pihuy/follow/install/cv_bridge/lib:/usr/local/lib:/opt/ros/jazzy/opt/rviz_ogre_vendor/lib:/opt/ros/jazzy/lib/aarch64-linux-gnu:/opt/ros/jazzy/opt/gz_math_vendor/lib:/opt/ros/jazzy/opt/gz_utils_vendor/lib:/opt/ros/jazzy/opt/gz_cmake_vendor/lib:/opt/ros/jazzy/lib:/usr/local/lib PYTHONPATH=/home/pihuy/follow/install/px4_msgs/lib/python3.12/site-packages:/home/pihuy/follow/build/ai_follow:/home/pihuy/follow/install/opencv_tests/lib/python3.12/site-packages:/home/pihuy/follow/install/image_geometry/lib/python3.12/site-packages:/home/pihuy/follow/install/gimbal_controller/lib/python3.12/site-packages:/home/pihuy/follow/install/ai_follow/lib/python3.12/site-packages:/home/pihuy/follow/install/cv_bridge/lib/python3.12/site-packages:/opt/ros/jazzy/lib/python3.12/site-packages /usr/bin/cmake --build /home/pihuy/follow/build/px4_ros2_cpp -- -j4 -l4
[0.219s] [  4%] Built target gtest
[0.284s] [  8%] Built target integration_utils
[0.287s] [ 12%] Built target gtest_main
[0.309s] [ 16%] Built target unit_utils
[0.605s] [ 66%] Built target px4_ros2_cpp
[0.768s] [ 81%] Built target integration_tests
[0.776s] [100%] Built target px4_ros2_cpp_unit_tests
[0.813s] Invoked command in '/home/pihuy/follow/build/px4_ros2_cpp' returned '0': CMAKE_PREFIX_PATH=/home/pihuy/follow/install/px4_msgs:/home/pihuy/follow/install/vision_opencv:/home/pihuy/follow/install/target_pose_fusion:/home/pihuy/follow/install/rtsp_camera:/home/pihuy/follow/install/example_mode_with_executor_cpp:/home/pihuy/follow/install/example_mode_rtl_replacement_cpp:/home/pihuy/follow/install/example_mode_manual_cpp:/home/pihuy/follow/install/example_mode_goto_global_cpp:/home/pihuy/follow/install/example_mode_goto_cpp:/home/pihuy/follow/install/example_mode_fw_attitude_cpp:/home/pihuy/follow/install/example_local_navigation_cpp:/home/pihuy/follow/install/example_global_navigation_cpp:/home/pihuy/follow/install/example_executor_with_multiple_modes_cpp:/home/pihuy/follow/install/aruco_tracker:/home/pihuy/follow/install/px4_ros2_cpp:/home/pihuy/follow/install/image_geometry:/home/pihuy/follow/install/cv_bridge:/opt/ros/jazzy/opt/gz_math_vendor:/opt/ros/jazzy/opt/gz_utils_vendor:/opt/ros/jazzy/opt/gz_cmake_vendor:/home/pihuy/follow/install/opencv_tests:/home/pihuy/follow/install/gimbal_controller:/home/pihuy/follow/install/ai_follow:/opt/ros/jazzy DEBUGINFOD_URLS=https://debuginfod.ubuntu.com LD_LIBRARY_PATH=/home/pihuy/follow/install/px4_msgs/lib:/home/pihuy/follow/install/px4_ros2_cpp/lib:/home/pihuy/follow/install/image_geometry/lib:/home/pihuy/follow/install/cv_bridge/lib:/usr/local/lib:/opt/ros/jazzy/opt/rviz_ogre_vendor/lib:/opt/ros/jazzy/lib/aarch64-linux-gnu:/opt/ros/jazzy/opt/gz_math_vendor/lib:/opt/ros/jazzy/opt/gz_utils_vendor/lib:/opt/ros/jazzy/opt/gz_cmake_vendor/lib:/opt/ros/jazzy/lib:/usr/local/lib PYTHONPATH=/home/pihuy/follow/install/px4_msgs/lib/python3.12/site-packages:/home/pihuy/follow/build/ai_follow:/home/pihuy/follow/install/opencv_tests/lib/python3.12/site-packages:/home/pihuy/follow/install/image_geometry/lib/python3.12/site-packages:/home/pihuy/follow/install/gimbal_controller/lib/python3.12/site-packages:/home/pihuy/follow/install/ai_follow/lib/python3.12/site-packages:/home/pihuy/follow/install/cv_bridge/lib/python3.12/site-packages:/opt/ros/jazzy/lib/python3.12/site-packages /usr/bin/cmake --build /home/pihuy/follow/build/px4_ros2_cpp -- -j4 -l4
[0.816s] Invoking command in '/home/pihuy/follow/build/px4_ros2_cpp': CMAKE_PREFIX_PATH=/home/pihuy/follow/install/px4_msgs:/home/pihuy/follow/install/vision_opencv:/home/pihuy/follow/install/target_pose_fusion:/home/pihuy/follow/install/rtsp_camera:/home/pihuy/follow/install/example_mode_with_executor_cpp:/home/pihuy/follow/install/example_mode_rtl_replacement_cpp:/home/pihuy/follow/install/example_mode_manual_cpp:/home/pihuy/follow/install/example_mode_goto_global_cpp:/home/pihuy/follow/install/example_mode_goto_cpp:/home/pihuy/follow/install/example_mode_fw_attitude_cpp:/home/pihuy/follow/install/example_local_navigation_cpp:/home/pihuy/follow/install/example_global_navigation_cpp:/home/pihuy/follow/install/example_executor_with_multiple_modes_cpp:/home/pihuy/follow/install/aruco_tracker:/home/pihuy/follow/install/px4_ros2_cpp:/home/pihuy/follow/install/image_geometry:/home/pihuy/follow/install/cv_bridge:/opt/ros/jazzy/opt/gz_math_vendor:/opt/ros/jazzy/opt/gz_utils_vendor:/opt/ros/jazzy/opt/gz_cmake_vendor:/home/pihuy/follow/install/opencv_tests:/home/pihuy/follow/install/gimbal_controller:/home/pihuy/follow/install/ai_follow:/opt/ros/jazzy DEBUGINFOD_URLS=https://debuginfod.ubuntu.com LD_LIBRARY_PATH=/home/pihuy/follow/install/px4_msgs/lib:/home/pihuy/follow/install/px4_ros2_cpp/lib:/home/pihuy/follow/install/image_geometry/lib:/home/pihuy/follow/install/cv_bridge/lib:/usr/local/lib:/opt/ros/jazzy/opt/rviz_ogre_vendor/lib:/opt/ros/jazzy/lib/aarch64-linux-gnu:/opt/ros/jazzy/opt/gz_math_vendor/lib:/opt/ros/jazzy/opt/gz_utils_vendor/lib:/opt/ros/jazzy/opt/gz_cmake_vendor/lib:/opt/ros/jazzy/lib:/usr/local/lib PYTHONPATH=/home/pihuy/follow/install/px4_msgs/lib/python3.12/site-packages:/home/pihuy/follow/build/ai_follow:/home/pihuy/follow/install/opencv_tests/lib/python3.12/site-packages:/home/pihuy/follow/install/image_geometry/lib/python3.12/site-packages:/home/pihuy/follow/install/gimbal_controller/lib/python3.12/site-packages:/home/pihuy/follow/install/ai_follow/lib/python3.12/site-packages:/home/pihuy/follow/install/cv_bridge/lib/python3.12/site-packages:/opt/ros/jazzy/lib/python3.12/site-packages /usr/bin/cmake --install /home/pihuy/follow/build/px4_ros2_cpp
[0.847s] -- Install configuration: ""
[0.848s] -- Up-to-date: /home/pihuy/follow/install/px4_ros2_cpp/share/px4_ros2_cpp/environment/library_path.sh
[0.849s] -- Up-to-date: /home/pihuy/follow/install/px4_ros2_cpp/share/px4_ros2_cpp/environment/library_path.dsv
[0.849s] -- Up-to-date: /home/pihuy/follow/install/px4_ros2_cpp/include/px4_ros2
[0.851s] -- Up-to-date: /home/pihuy/follow/install/px4_ros2_cpp/include/px4_ros2/navigation
[0.851s] -- Up-to-date: /home/pihuy/follow/install/px4_ros2_cpp/include/px4_ros2/navigation/experimental
[0.851s] -- Up-to-date: /home/pihuy/follow/install/px4_ros2_cpp/include/px4_ros2/navigation/experimental/global_position_measurement_interface.hpp
[0.852s] -- Up-to-date: /home/pihuy/follow/install/px4_ros2_cpp/include/px4_ros2/navigation/experimental/local_position_measurement_interface.hpp
[0.852s] -- Up-to-date: /home/pihuy/follow/install/px4_ros2_cpp/include/px4_ros2/navigation/experimental/navigation_interface_base.hpp
[0.852s] -- Up-to-date: /home/pihuy/follow/install/px4_ros2_cpp/include/px4_ros2/navigation/groups.dox
[0.852s] -- Up-to-date: /home/pihuy/follow/install/px4_ros2_cpp/include/px4_ros2/common
[0.852s] -- Up-to-date: /home/pihuy/follow/install/px4_ros2_cpp/include/px4_ros2/common/setpoint_base.hpp
[0.852s] -- Up-to-date: /home/pihuy/follow/install/px4_ros2_cpp/include/px4_ros2/common/requirement_flags.hpp
[0.852s] -- Up-to-date: /home/pihuy/follow/install/px4_ros2_cpp/include/px4_ros2/common/frame.hpp
[0.853s] -- Up-to-date: /home/pihuy/follow/install/px4_ros2_cpp/include/px4_ros2/common/context.hpp
[0.854s] -- Up-to-date: /home/pihuy/follow/install/px4_ros2_cpp/include/px4_ros2/components
[0.854s] -- Up-to-date: /home/pihuy/follow/install/px4_ros2_cpp/include/px4_ros2/components/wait_for_fmu.hpp
[0.854s] -- Up-to-date: /home/pihuy/follow/install/px4_ros2_cpp/include/px4_ros2/components/health_and_arming_checks.hpp
[0.854s] -- Up-to-date: /home/pihuy/follow/install/px4_ros2_cpp/include/px4_ros2/components/mode_executor.hpp
[0.854s] -- Up-to-date: /home/pihuy/follow/install/px4_ros2_cpp/include/px4_ros2/components/mode.hpp
[0.855s] -- Up-to-date: /home/pihuy/follow/install/px4_ros2_cpp/include/px4_ros2/components/events.hpp
[0.855s] -- Up-to-date: /home/pihuy/follow/install/px4_ros2_cpp/include/px4_ros2/components/groups.dox
[0.855s] -- Up-to-date: /home/pihuy/follow/install/px4_ros2_cpp/include/px4_ros2/components/message_compatibility_check.hpp
[0.856s] -- Up-to-date: /home/pihuy/follow/install/px4_ros2_cpp/include/px4_ros2/components/overrides.hpp
[0.856s] -- Up-to-date: /home/pihuy/follow/install/px4_ros2_cpp/include/px4_ros2/components/manual_control_input.hpp
[0.856s] -- Up-to-date: /home/pihuy/follow/install/px4_ros2_cpp/include/px4_ros2/components/node_with_mode.hpp
[0.856s] -- Up-to-date: /home/pihuy/follow/install/px4_ros2_cpp/include/px4_ros2/control
[0.857s] -- Up-to-date: /home/pihuy/follow/install/px4_ros2_cpp/include/px4_ros2/control/setpoint_types
[0.857s] -- Up-to-date: /home/pihuy/follow/install/px4_ros2_cpp/include/px4_ros2/control/setpoint_types/goto.hpp
[0.857s] -- Up-to-date: /home/pihuy/follow/install/px4_ros2_cpp/include/px4_ros2/control/setpoint_types/direct_actuators.hpp
[0.857s] -- Up-to-date: /home/pihuy/follow/install/px4_ros2_cpp/include/px4_ros2/control/setpoint_types/experimental
[0.858s] -- Up-to-date: /home/pihuy/follow/install/px4_ros2_cpp/include/px4_ros2/control/setpoint_types/experimental/attitude.hpp
[0.858s] -- Up-to-date: /home/pihuy/follow/install/px4_ros2_cpp/include/px4_ros2/control/setpoint_types/experimental/rates.hpp
[0.858s] -- Up-to-date: /home/pihuy/follow/install/px4_ros2_cpp/include/px4_ros2/control/setpoint_types/experimental/trajectory.hpp
[0.858s] -- Up-to-date: /home/pihuy/follow/install/px4_ros2_cpp/include/px4_ros2/control/setpoint_types/groups.dox
[0.858s] -- Up-to-date: /home/pihuy/follow/install/px4_ros2_cpp/include/px4_ros2/control/groups.dox
[0.859s] -- Up-to-date: /home/pihuy/follow/install/px4_ros2_cpp/include/px4_ros2/control/peripheral_actuators.hpp
[0.859s] -- Up-to-date: /home/pihuy/follow/install/px4_ros2_cpp/include/px4_ros2/vehicle_state
[0.859s] -- Up-to-date: /home/pihuy/follow/install/px4_ros2_cpp/include/px4_ros2/vehicle_state/battery.hpp
[0.862s] -- Up-to-date: /home/pihuy/follow/install/px4_ros2_cpp/include/px4_ros2/vehicle_state/vehicle_status.hpp
[0.862s] -- Up-to-date: /home/pihuy/follow/install/px4_ros2_cpp/include/px4_ros2/vehicle_state/vtol_status.hpp
[0.862s] -- Up-to-date: /home/pihuy/follow/install/px4_ros2_cpp/include/px4_ros2/vehicle_state/home_position.hpp
[0.863s] -- Up-to-date: /home/pihuy/follow/install/px4_ros2_cpp/include/px4_ros2/vehicle_state/groups.dox
[0.863s] -- Up-to-date: /home/pihuy/follow/install/px4_ros2_cpp/include/px4_ros2/vehicle_state/land_detected.hpp
[0.863s] -- Up-to-date: /home/pihuy/follow/install/px4_ros2_cpp/include/px4_ros2/utils
[0.863s] -- Up-to-date: /home/pihuy/follow/install/px4_ros2_cpp/include/px4_ros2/utils/subscription.hpp
[0.863s] -- Up-to-date: /home/pihuy/follow/install/px4_ros2_cpp/include/px4_ros2/utils/groups.dox
[0.863s] -- Up-to-date: /home/pihuy/follow/install/px4_ros2_cpp/include/px4_ros2/utils/geodesic.hpp
[0.863s] -- Up-to-date: /home/pihuy/follow/install/px4_ros2_cpp/include/px4_ros2/utils/message_version.hpp
[0.863s] -- Up-to-date: /home/pihuy/follow/install/px4_ros2_cpp/include/px4_ros2/utils/geometry.hpp
[0.863s] -- Up-to-date: /home/pihuy/follow/install/px4_ros2_cpp/include/px4_ros2/utils/frame_conversion.hpp
[0.863s] -- Up-to-date: /home/pihuy/follow/install/px4_ros2_cpp/include/px4_ros2/odometry
[0.864s] -- Up-to-date: /home/pihuy/follow/install/px4_ros2_cpp/include/px4_ros2/odometry/attitude.hpp
[0.864s] -- Up-to-date: /home/pihuy/follow/install/px4_ros2_cpp/include/px4_ros2/odometry/angular_velocity.hpp
[0.864s] -- Up-to-date: /home/pihuy/follow/install/px4_ros2_cpp/include/px4_ros2/odometry/groups.dox
[0.864s] -- Up-to-date: /home/pihuy/follow/install/px4_ros2_cpp/include/px4_ros2/odometry/airspeed.hpp
[0.867s] -- Up-to-date: /home/pihuy/follow/install/px4_ros2_cpp/include/px4_ros2/odometry/local_position.hpp
[0.867s] -- Up-to-date: /home/pihuy/follow/install/px4_ros2_cpp/include/px4_ros2/odometry/global_position.hpp
[0.868s] -- Up-to-date: /home/pihuy/follow/install/px4_ros2_cpp/lib/libpx4_ros2_cpp.so
[0.868s] -- Up-to-date: /home/pihuy/follow/install/px4_ros2_cpp/share/ament_index/resource_index/package_run_dependencies/px4_ros2_cpp
[0.868s] -- Up-to-date: /home/pihuy/follow/install/px4_ros2_cpp/share/ament_index/resource_index/parent_prefix_path/px4_ros2_cpp
[0.868s] -- Up-to-date: /home/pihuy/follow/install/px4_ros2_cpp/share/px4_ros2_cpp/environment/ament_prefix_path.sh
[0.870s] -- Up-to-date: /home/pihuy/follow/install/px4_ros2_cpp/share/px4_ros2_cpp/environment/ament_prefix_path.dsv
[0.870s] -- Up-to-date: /home/pihuy/follow/install/px4_ros2_cpp/share/px4_ros2_cpp/environment/path.sh
[0.871s] -- Up-to-date: /home/pihuy/follow/install/px4_ros2_cpp/share/px4_ros2_cpp/environment/path.dsv
[0.871s] -- Up-to-date: /home/pihuy/follow/install/px4_ros2_cpp/share/px4_ros2_cpp/local_setup.bash
[0.871s] -- Up-to-date: /home/pihuy/follow/install/px4_ros2_cpp/share/px4_ros2_cpp/local_setup.sh
[0.871s] -- Up-to-date: /home/pihuy/follow/install/px4_ros2_cpp/share/px4_ros2_cpp/local_setup.zsh
[0.871s] -- Up-to-date: /home/pihuy/follow/install/px4_ros2_cpp/share/px4_ros2_cpp/local_setup.dsv
[0.872s] -- Installing: /home/pihuy/follow/install/px4_ros2_cpp/share/px4_ros2_cpp/package.dsv
[0.872s] -- Up-to-date: /home/pihuy/follow/install/px4_ros2_cpp/share/ament_index/resource_index/packages/px4_ros2_cpp
[0.872s] -- Up-to-date: /home/pihuy/follow/install/px4_ros2_cpp/share/px4_ros2_cpp/cmake/px4_ros2_cppExport.cmake
[0.872s] -- Up-to-date: /home/pihuy/follow/install/px4_ros2_cpp/share/px4_ros2_cpp/cmake/px4_ros2_cppExport-noconfig.cmake
[0.873s] -- Up-to-date: /home/pihuy/follow/install/px4_ros2_cpp/share/px4_ros2_cpp/cmake/ament_cmake_export_targets-extras.cmake
[0.876s] -- Up-to-date: /home/pihuy/follow/install/px4_ros2_cpp/share/px4_ros2_cpp/cmake/ament_cmake_export_dependencies-extras.cmake
[0.877s] -- Up-to-date: /home/pihuy/follow/install/px4_ros2_cpp/share/px4_ros2_cpp/cmake/px4_ros2_cppConfig.cmake
[0.878s] -- Up-to-date: /home/pihuy/follow/install/px4_ros2_cpp/share/px4_ros2_cpp/cmake/px4_ros2_cppConfig-version.cmake
[0.878s] -- Up-to-date: /home/pihuy/follow/install/px4_ros2_cpp/share/px4_ros2_cpp/package.xml
[0.880s] Invoked command in '/home/pihuy/follow/build/px4_ros2_cpp' returned '0': CMAKE_PREFIX_PATH=/home/pihuy/follow/install/px4_msgs:/home/pihuy/follow/install/vision_opencv:/home/pihuy/follow/install/target_pose_fusion:/home/pihuy/follow/install/rtsp_camera:/home/pihuy/follow/install/example_mode_with_executor_cpp:/home/pihuy/follow/install/example_mode_rtl_replacement_cpp:/home/pihuy/follow/install/example_mode_manual_cpp:/home/pihuy/follow/install/example_mode_goto_global_cpp:/home/pihuy/follow/install/example_mode_goto_cpp:/home/pihuy/follow/install/example_mode_fw_attitude_cpp:/home/pihuy/follow/install/example_local_navigation_cpp:/home/pihuy/follow/install/example_global_navigation_cpp:/home/pihuy/follow/install/example_executor_with_multiple_modes_cpp:/home/pihuy/follow/install/aruco_tracker:/home/pihuy/follow/install/px4_ros2_cpp:/home/pihuy/follow/install/image_geometry:/home/pihuy/follow/install/cv_bridge:/opt/ros/jazzy/opt/gz_math_vendor:/opt/ros/jazzy/opt/gz_utils_vendor:/opt/ros/jazzy/opt/gz_cmake_vendor:/home/pihuy/follow/install/opencv_tests:/home/pihuy/follow/install/gimbal_controller:/home/pihuy/follow/install/ai_follow:/opt/ros/jazzy DEBUGINFOD_URLS=https://debuginfod.ubuntu.com LD_LIBRARY_PATH=/home/pihuy/follow/install/px4_msgs/lib:/home/pihuy/follow/install/px4_ros2_cpp/lib:/home/pihuy/follow/install/image_geometry/lib:/home/pihuy/follow/install/cv_bridge/lib:/usr/local/lib:/opt/ros/jazzy/opt/rviz_ogre_vendor/lib:/opt/ros/jazzy/lib/aarch64-linux-gnu:/opt/ros/jazzy/opt/gz_math_vendor/lib:/opt/ros/jazzy/opt/gz_utils_vendor/lib:/opt/ros/jazzy/opt/gz_cmake_vendor/lib:/opt/ros/jazzy/lib:/usr/local/lib PYTHONPATH=/home/pihuy/follow/install/px4_msgs/lib/python3.12/site-packages:/home/pihuy/follow/build/ai_follow:/home/pihuy/follow/install/opencv_tests/lib/python3.12/site-packages:/home/pihuy/follow/install/image_geometry/lib/python3.12/site-packages:/home/pihuy/follow/install/gimbal_controller/lib/python3.12/site-packages:/home/pihuy/follow/install/ai_follow/lib/python3.12/site-packages:/home/pihuy/follow/install/cv_bridge/lib/python3.12/site-packages:/opt/ros/jazzy/lib/python3.12/site-packages /usr/bin/cmake --install /home/pihuy/follow/build/px4_ros2_cpp
