/home/pihuy/follow/install/gimbal_controller/lib/python3.12/site-packages/gimbal_controller/siyi_gimbal_node.py
/home/pihuy/follow/install/gimbal_controller/lib/python3.12/site-packages/gimbal_controller/__init__.py
/home/pihuy/follow/install/gimbal_controller/lib/python3.12/site-packages/gimbal_controller/siyi_sdk/utils.py
/home/pihuy/follow/install/gimbal_controller/lib/python3.12/site-packages/gimbal_controller/siyi_sdk/__init__.py
/home/pihuy/follow/install/gimbal_controller/lib/python3.12/site-packages/gimbal_controller/siyi_sdk/siyi_sdk.py
/home/pihuy/follow/install/gimbal_controller/lib/python3.12/site-packages/gimbal_controller/siyi_sdk/crc16_python.py
/home/pihuy/follow/install/gimbal_controller/lib/python3.12/site-packages/gimbal_controller/siyi_sdk/stream.py
/home/pihuy/follow/install/gimbal_controller/lib/python3.12/site-packages/gimbal_controller/siyi_sdk/siyi_message.py
/home/pihuy/follow/install/gimbal_controller/lib/python3.12/site-packages/gimbal_controller/siyi_sdk/cameras.py
/home/pihuy/follow/install/gimbal_controller/lib/python3.12/site-packages/gimbal_controller/__pycache__/siyi_gimbal_node.cpython-312.pyc
/home/pihuy/follow/install/gimbal_controller/lib/python3.12/site-packages/gimbal_controller/__pycache__/__init__.cpython-312.pyc
/home/pihuy/follow/install/gimbal_controller/lib/python3.12/site-packages/gimbal_controller/siyi_sdk/__pycache__/utils.cpython-312.pyc
/home/pihuy/follow/install/gimbal_controller/lib/python3.12/site-packages/gimbal_controller/siyi_sdk/__pycache__/__init__.cpython-312.pyc
/home/pihuy/follow/install/gimbal_controller/lib/python3.12/site-packages/gimbal_controller/siyi_sdk/__pycache__/siyi_sdk.cpython-312.pyc
/home/pihuy/follow/install/gimbal_controller/lib/python3.12/site-packages/gimbal_controller/siyi_sdk/__pycache__/crc16_python.cpython-312.pyc
/home/pihuy/follow/install/gimbal_controller/lib/python3.12/site-packages/gimbal_controller/siyi_sdk/__pycache__/stream.cpython-312.pyc
/home/pihuy/follow/install/gimbal_controller/lib/python3.12/site-packages/gimbal_controller/siyi_sdk/__pycache__/siyi_message.cpython-312.pyc
/home/pihuy/follow/install/gimbal_controller/lib/python3.12/site-packages/gimbal_controller/siyi_sdk/__pycache__/cameras.cpython-312.pyc
/home/pihuy/follow/install/gimbal_controller/share/ament_index/resource_index/packages/gimbal_controller
/home/pihuy/follow/install/gimbal_controller/share/gimbal_controller/package.xml
/home/pihuy/follow/install/gimbal_controller/lib/python3.12/site-packages/gimbal_controller-0.0.0-py3.12.egg-info/dependency_links.txt
/home/pihuy/follow/install/gimbal_controller/lib/python3.12/site-packages/gimbal_controller-0.0.0-py3.12.egg-info/zip-safe
/home/pihuy/follow/install/gimbal_controller/lib/python3.12/site-packages/gimbal_controller-0.0.0-py3.12.egg-info/top_level.txt
/home/pihuy/follow/install/gimbal_controller/lib/python3.12/site-packages/gimbal_controller-0.0.0-py3.12.egg-info/entry_points.txt
/home/pihuy/follow/install/gimbal_controller/lib/python3.12/site-packages/gimbal_controller-0.0.0-py3.12.egg-info/SOURCES.txt
/home/pihuy/follow/install/gimbal_controller/lib/python3.12/site-packages/gimbal_controller-0.0.0-py3.12.egg-info/PKG-INFO
/home/pihuy/follow/install/gimbal_controller/lib/python3.12/site-packages/gimbal_controller-0.0.0-py3.12.egg-info/requires.txt
/home/pihuy/follow/install/gimbal_controller/lib/gimbal_controller/siyi_gimbal_node
