[4.709s] Invoking command in '/home/pihuy/follow/src/ai_follow': AMENT_PREFIX_PATH=/home/pihuy/follow/install/cv_bridge:${AMENT_PREFIX_PATH} CMAKE_PREFIX_PATH=/home/pihuy/follow/install/cv_bridge:${CMAKE_PREFIX_PATH} DEBUGINFOD_URLS=https://debuginfod.ubuntu.com LD_LIBRARY_PATH=/home/pihuy/follow/install/cv_bridge/lib:/usr/local/lib:/opt/ros/jazzy/opt/rviz_ogre_vendor/lib:/opt/ros/jazzy/lib/aarch64-linux-gnu:/opt/ros/jazzy/opt/gz_math_vendor/lib:/opt/ros/jazzy/opt/gz_utils_vendor/lib:/opt/ros/jazzy/opt/gz_cmake_vendor/lib:/opt/ros/jazzy/lib:/usr/local/lib PYTHONPATH=/home/pihuy/follow/build/ai_follow/prefix_override:/usr/lib/python3/dist-packages/colcon_core/task/python/colcon_distutils_commands:/home/pihuy/follow/install/ai_follow/lib/python3.12/site-packages:/home/pihuy/follow/install/cv_bridge/lib/python3.12/site-packages:${PYTHONPATH} /usr/bin/python3 -W ignore:setup.py install is deprecated -W ignore:easy_install command is deprecated setup.py egg_info --egg-base ../../build/ai_follow build --build-base /home/pihuy/follow/build/ai_follow/build install --record /home/pihuy/follow/build/ai_follow/install.log --single-version-externally-managed install_data
[5.502s] running egg_info
[5.558s] writing ../../build/ai_follow/ai_follow.egg-info/PKG-INFO
[5.560s] writing dependency_links to ../../build/ai_follow/ai_follow.egg-info/dependency_links.txt
[5.561s] writing entry points to ../../build/ai_follow/ai_follow.egg-info/entry_points.txt
[5.562s] writing requirements to ../../build/ai_follow/ai_follow.egg-info/requires.txt
[5.564s] writing top-level names to ../../build/ai_follow/ai_follow.egg-info/top_level.txt
[5.693s] reading manifest file '../../build/ai_follow/ai_follow.egg-info/SOURCES.txt'
[5.698s] writing manifest file '../../build/ai_follow/ai_follow.egg-info/SOURCES.txt'
[5.700s] running build
[5.700s] running build_py
[5.708s] running install
[5.733s] running install_lib
[5.786s] running install_data
[5.786s] running install_egg_info
[5.844s] removing '/home/pihuy/follow/install/ai_follow/lib/python3.12/site-packages/ai_follow-0.0.0-py3.12.egg-info' (and everything under it)
[5.846s] Copying ../../build/ai_follow/ai_follow.egg-info to /home/pihuy/follow/install/ai_follow/lib/python3.12/site-packages/ai_follow-0.0.0-py3.12.egg-info
[5.856s] running install_scripts
[6.418s] Installing gimbal_pid_node script to /home/pihuy/follow/install/ai_follow/lib/ai_follow
[6.418s] Installing object_lock_tracker_node script to /home/pihuy/follow/install/ai_follow/lib/ai_follow
[6.419s] Installing test1_node script to /home/pihuy/follow/install/ai_follow/lib/ai_follow
[6.420s] writing list of installed files to '/home/pihuy/follow/build/ai_follow/install.log'
[6.586s] Invoked command in '/home/pihuy/follow/src/ai_follow' returned '0': AMENT_PREFIX_PATH=/home/pihuy/follow/install/cv_bridge:${AMENT_PREFIX_PATH} CMAKE_PREFIX_PATH=/home/pihuy/follow/install/cv_bridge:${CMAKE_PREFIX_PATH} DEBUGINFOD_URLS=https://debuginfod.ubuntu.com LD_LIBRARY_PATH=/home/pihuy/follow/install/cv_bridge/lib:/usr/local/lib:/opt/ros/jazzy/opt/rviz_ogre_vendor/lib:/opt/ros/jazzy/lib/aarch64-linux-gnu:/opt/ros/jazzy/opt/gz_math_vendor/lib:/opt/ros/jazzy/opt/gz_utils_vendor/lib:/opt/ros/jazzy/opt/gz_cmake_vendor/lib:/opt/ros/jazzy/lib:/usr/local/lib PYTHONPATH=/home/pihuy/follow/build/ai_follow/prefix_override:/usr/lib/python3/dist-packages/colcon_core/task/python/colcon_distutils_commands:/home/pihuy/follow/install/ai_follow/lib/python3.12/site-packages:/home/pihuy/follow/install/cv_bridge/lib/python3.12/site-packages:${PYTHONPATH} /usr/bin/python3 -W ignore:setup.py install is deprecated -W ignore:easy_install command is deprecated setup.py egg_info --egg-base ../../build/ai_follow build --build-base /home/pihuy/follow/build/ai_follow/build install --record /home/pihuy/follow/build/ai_follow/install.log --single-version-externally-managed install_data
