[0.177s] Invoking command in '/home/pihuy/follow/build/cv_bridge': CMAKE_PREFIX_PATH=${CMAKE_PREFIX_PATH}:/home/pihuy/follow/install/opencv_tests:/home/pihuy/follow/install/gimbal_controller:/home/pihuy/follow/install/ai_follow:/opt/ros/jazzy DEBUGINFOD_URLS=https://debuginfod.ubuntu.com /usr/bin/cmake --build /home/pihuy/follow/build/cv_bridge -- -j4 -l4
[1.352s] [ 22%] Built target cv_bridge
[1.352s] [ 33%] Built target gtest_main
[1.352s] [ 44%] Built target gtest
[1.352s] [ 44%] Built target ament_cmake_python_copy_cv_bridge
[1.352s] [ 83%] Built target cv_bridge_boost
[1.355s] [100%] Built target cv_bridge-utest
[1.597s] running egg_info
[1.646s] writing cv_bridge.egg-info/PKG-INFO
[1.647s] writing dependency_links to cv_bridge.egg-info/dependency_links.txt
[1.649s] writing top-level names to cv_bridge.egg-info/top_level.txt
[1.986s] reading manifest file 'cv_bridge.egg-info/SOURCES.txt'
[1.987s] writing manifest file 'cv_bridge.egg-info/SOURCES.txt'
[2.220s] [100%] Built target ament_cmake_python_build_cv_bridge_egg
[2.293s] Invoked command in '/home/pihuy/follow/build/cv_bridge' returned '0': CMAKE_PREFIX_PATH=${CMAKE_PREFIX_PATH}:/home/pihuy/follow/install/opencv_tests:/home/pihuy/follow/install/gimbal_controller:/home/pihuy/follow/install/ai_follow:/opt/ros/jazzy DEBUGINFOD_URLS=https://debuginfod.ubuntu.com /usr/bin/cmake --build /home/pihuy/follow/build/cv_bridge -- -j4 -l4
[2.349s] Invoking command in '/home/pihuy/follow/build/cv_bridge': CMAKE_PREFIX_PATH=${CMAKE_PREFIX_PATH}:/home/pihuy/follow/install/opencv_tests:/home/pihuy/follow/install/gimbal_controller:/home/pihuy/follow/install/ai_follow:/opt/ros/jazzy DEBUGINFOD_URLS=https://debuginfod.ubuntu.com /usr/bin/cmake --install /home/pihuy/follow/build/cv_bridge
[2.373s] -- Install configuration: ""
[2.375s] -- Up-to-date: /home/pihuy/follow/install/cv_bridge/share/cv_bridge/environment/pythonpath.sh
[2.376s] -- Up-to-date: /home/pihuy/follow/install/cv_bridge/share/cv_bridge/environment/pythonpath.dsv
[2.377s] -- Up-to-date: /home/pihuy/follow/install/cv_bridge/lib/python3.12/site-packages/cv_bridge-4.1.0-py3.12.egg-info
[2.378s] -- Installing: /home/pihuy/follow/install/cv_bridge/lib/python3.12/site-packages/cv_bridge-4.1.0-py3.12.egg-info/dependency_links.txt
[2.379s] -- Installing: /home/pihuy/follow/install/cv_bridge/lib/python3.12/site-packages/cv_bridge-4.1.0-py3.12.egg-info/top_level.txt
[2.380s] -- Installing: /home/pihuy/follow/install/cv_bridge/lib/python3.12/site-packages/cv_bridge-4.1.0-py3.12.egg-info/SOURCES.txt
[2.383s] -- Installing: /home/pihuy/follow/install/cv_bridge/lib/python3.12/site-packages/cv_bridge-4.1.0-py3.12.egg-info/PKG-INFO
[2.385s] -- Up-to-date: /home/pihuy/follow/install/cv_bridge/lib/python3.12/site-packages/cv_bridge
[2.385s] -- Up-to-date: /home/pihuy/follow/install/cv_bridge/lib/python3.12/site-packages/cv_bridge/core.py
[2.385s] -- Up-to-date: /home/pihuy/follow/install/cv_bridge/lib/python3.12/site-packages/cv_bridge/__init__.py
[2.517s] Listing '/home/pihuy/follow/install/cv_bridge/lib/python3.12/site-packages/cv_bridge'...
[2.517s] Listing '/home/pihuy/follow/install/cv_bridge/lib/python3.12/site-packages/cv_bridge/boost'...
[2.549s] -- Up-to-date: /home/pihuy/follow/install/cv_bridge/lib/libcv_bridge.so
[2.550s] -- Up-to-date: /home/pihuy/follow/install/cv_bridge/include/cv_bridge/cv_bridge/cv_bridge_export.h
[2.554s] -- Up-to-date: /home/pihuy/follow/install/cv_bridge/lib/python3.12/site-packages/cv_bridge/boost/cv_bridge_boost.so
[2.555s] -- Up-to-date: /home/pihuy/follow/install/cv_bridge/include/cv_bridge
[2.557s] -- Up-to-date: /home/pihuy/follow/install/cv_bridge/include/cv_bridge/cv_bridge
[2.561s] -- Up-to-date: /home/pihuy/follow/install/cv_bridge/include/cv_bridge/cv_bridge/rgb_colors.hpp
[2.565s] -- Up-to-date: /home/pihuy/follow/install/cv_bridge/include/cv_bridge/cv_bridge/cv_bridge.hpp
[2.565s] -- Up-to-date: /home/pihuy/follow/install/cv_bridge/include/cv_bridge/cv_bridge/visibility_control.h
[2.565s] -- Up-to-date: /home/pihuy/follow/install/cv_bridge/include/cv_bridge/cv_bridge/cv_mat_sensor_msgs_image_type_adapter.hpp
[2.565s] -- Up-to-date: /home/pihuy/follow/install/cv_bridge/lib/libcv_bridge.so
[2.565s] -- Up-to-date: /home/pihuy/follow/install/cv_bridge/share/ament_index/resource_index/package_run_dependencies/cv_bridge
[2.565s] -- Up-to-date: /home/pihuy/follow/install/cv_bridge/share/ament_index/resource_index/parent_prefix_path/cv_bridge
[2.565s] -- Up-to-date: /home/pihuy/follow/install/cv_bridge/share/cv_bridge/environment/ament_prefix_path.sh
[2.566s] -- Up-to-date: /home/pihuy/follow/install/cv_bridge/share/cv_bridge/environment/ament_prefix_path.dsv
[2.566s] -- Up-to-date: /home/pihuy/follow/install/cv_bridge/share/cv_bridge/environment/path.sh
[2.566s] -- Up-to-date: /home/pihuy/follow/install/cv_bridge/share/cv_bridge/environment/path.dsv
[2.566s] -- Up-to-date: /home/pihuy/follow/install/cv_bridge/share/cv_bridge/local_setup.bash
[2.566s] -- Up-to-date: /home/pihuy/follow/install/cv_bridge/share/cv_bridge/local_setup.sh
[2.568s] -- Up-to-date: /home/pihuy/follow/install/cv_bridge/share/cv_bridge/local_setup.zsh
[2.568s] -- Up-to-date: /home/pihuy/follow/install/cv_bridge/share/cv_bridge/local_setup.dsv
[2.568s] -- Installing: /home/pihuy/follow/install/cv_bridge/share/cv_bridge/package.dsv
[2.576s] -- Up-to-date: /home/pihuy/follow/install/cv_bridge/share/ament_index/resource_index/packages/cv_bridge
[2.577s] -- Up-to-date: /home/pihuy/follow/install/cv_bridge/share/cv_bridge/cmake/export_cv_bridgeExport.cmake
[2.577s] -- Up-to-date: /home/pihuy/follow/install/cv_bridge/share/cv_bridge/cmake/export_cv_bridgeExport-noconfig.cmake
[2.577s] -- Up-to-date: /home/pihuy/follow/install/cv_bridge/share/cv_bridge/cmake/cv_bridge-extras.cmake
[2.578s] -- Up-to-date: /home/pihuy/follow/install/cv_bridge/share/cv_bridge/cmake/ament_cmake_export_dependencies-extras.cmake
[2.578s] -- Up-to-date: /home/pihuy/follow/install/cv_bridge/share/cv_bridge/cmake/ament_cmake_export_targets-extras.cmake
[2.578s] -- Up-to-date: /home/pihuy/follow/install/cv_bridge/share/cv_bridge/cmake/cv_bridgeConfig.cmake
[2.578s] -- Up-to-date: /home/pihuy/follow/install/cv_bridge/share/cv_bridge/cmake/cv_bridgeConfig-version.cmake
[2.578s] -- Up-to-date: /home/pihuy/follow/install/cv_bridge/share/cv_bridge/package.xml
[2.578s] Invoked command in '/home/pihuy/follow/build/cv_bridge' returned '0': CMAKE_PREFIX_PATH=${CMAKE_PREFIX_PATH}:/home/pihuy/follow/install/opencv_tests:/home/pihuy/follow/install/gimbal_controller:/home/pihuy/follow/install/ai_follow:/opt/ros/jazzy DEBUGINFOD_URLS=https://debuginfod.ubuntu.com /usr/bin/cmake --install /home/pihuy/follow/build/cv_bridge
